<?xml version="1.0" encoding="UTF-8"?>
<!-- Generated by org.testng.reporters.JUnitReportReporter -->
<testsuite hostname="DESKTOP-SJ1N1UM" failures="0" tests="2" name="com.testcases.TeamConfigTest" time="0.269" errors="0" timestamp="2023-02-20T21:36:33 IST" skipped="0">
  <testcase classname="com.testcases.TeamConfigTest" name="verifyMinimumOneWicketKeeperInTeam" time="0.263"/>
  <system-out/>
  <testcase classname="com.testcases.TeamConfigTest" name="verifyOnlyFourForeignPlayersInTeam" time="0.006"/>
  <system-out/>
</testsuite> <!-- com.testcases.TeamConfigTest -->
